Logdir logdir/dmc_walker_walk
Create envs.
/opt/conda/lib/python3.10/site-packages/dm_control/suite/quadruped.py:30: UserWarning: A NumPy version >=1.23.5 and <2.3.0 is required for this version of SciPy (detected version 1.21.0)
  from scipy import ndimage
/opt/conda/lib/python3.10/site-packages/gym/spaces/box.py:73: UserWarning: [33mWARN: Box bound precision lowered by casting to float32[0m
  logger.warn(
Action Space Box([-1. -1. -1. -1. -1. -1.], [1. 1. 1. 1. 1. 1.], (6,), float32)
Prefill dataset (2500 steps).
[0] dataset_size 2000.0 / train_return 32.1 / train_length 500.0 / train_episodes 4.0
[0] dataset_size 2000.0 / train_return 51.4 / train_length 500.0 / train_episodes 4.0
[0] dataset_size 2000.0 / train_return 42.2 / train_length 500.0 / train_episodes 4.0
[0] dataset_size 2000.0 / train_return 37.1 / train_length 500.0 / train_episodes 4.0
Logger: (5000 steps).
Simulate agent.
Encoder CNN shapes: {'image': (64, 64, 3)}
Encoder MLP shapes: {}
Decoder CNN shapes: {'image': (64, 64, 3)}
Decoder MLP shapes: {}
Optimizer model_opt has 15687811 variables.
Optimizer actor_opt has 1056780 variables.
Optimizer value_opt has 1181439 variables.
[5000] 
Start evaluation.
[5000] eval_return 33.6 / eval_length 500.0 / eval_episodes 10.0
Start training.
[5000] model_loss 454.7 / model_grad_norm 1115.9 / image_loss 449.7 / reward_loss 3.1 / cont_loss 0.0 / kl_free 1.0 / dyn_scale 0.5 / rep_scale 0.1 / dyn_loss 3.2 / rep_loss 3.2 / kl 3.1 / prior_ent 98.3 / post_ent 94.0 / normed_target_mean 0.2 / normed_target_std 0.1 / normed_target_min 0.0 / normed_target_max 0.3 / EMA_005 0.0 / EMA_095 0.1 / value_mean 0.0 / value_std 0.0 / value_min 0.0 / value_max 0.0 / target_mean 0.2 / target_std 0.1 / target_min 0.0 / target_max 0.3 / imag_reward_mean 0.0 / imag_reward_std 0.0 / imag_reward_min 0.0 / imag_reward_max 0.0 / imag_action_mean 0.2 / imag_action_std 0.7 / imag_action_min -1.0 / imag_action_max 1.0 / actor_entropy 8.3 / actor_loss -0.2 / actor_grad_norm 0.0 / value_loss 9.3 / value_grad_norm 17.8 / update_count 100.0 / fps 0.0
[8000] dataset_size 4000.0 / train_return 29.9 / train_length 500.0 / train_episodes 8.0
[8000] dataset_size 4000.0 / train_return 37.6 / train_length 500.0 / train_episodes 8.0
[8000] dataset_size 4000.0 / train_return 28.7 / train_length 500.0 / train_episodes 8.0
[8000] dataset_size 4000.0 / train_return 35.6 / train_length 500.0 / train_episodes 8.0
[12000] dataset_size 6000.0 / train_return 50.4 / train_length 500.0 / train_episodes 12.0
[12000] dataset_size 6000.0 / train_return 89.1 / train_length 500.0 / train_episodes 12.0
[12000] dataset_size 6000.0 / train_return 67.6 / train_length 500.0 / train_episodes 12.0
[12000] dataset_size 6000.0 / train_return 63.8 / train_length 500.0 / train_episodes 12.0
[15000] 
Start evaluation.
[15000] eval_return 128.1 / eval_length 500.0 / eval_episodes 10.0
Start training.
[15000] model_loss 72.9 / model_grad_norm 76.0 / image_loss 65.4 / reward_loss 0.7 / cont_loss 0.0 / kl_free 1.0 / dyn_scale 0.5 / rep_scale 0.1 / dyn_loss 11.4 / rep_loss 11.4 / kl 11.4 / prior_ent 48.4 / post_ent 35.2 / normed_target_mean 0.6 / normed_target_std 0.3 / normed_target_min -0.1 / normed_target_max 2.7 / EMA_005 3.2 / EMA_095 4.6 / value_mean 3.4 / value_std 0.1 / value_min 2.3 / value_max 3.5 / target_mean 4.2 / target_std 0.5 / target_min 2.9 / target_max 7.4 / imag_reward_mean 0.1 / imag_reward_std 0.1 / imag_reward_min 0.0 / imag_reward_max 0.6 / imag_action_mean 0.1 / imag_action_std 0.8 / imag_action_min -1.0 / imag_action_max 1.0 / actor_entropy -0.8 / actor_loss -0.5 / actor_grad_norm 0.2 / value_loss 2.8 / value_grad_norm 3.5 / update_count 2599.0 / fps 2.9
[16000] dataset_size 8000.0 / train_return 123.3 / train_length 500.0 / train_episodes 16.0
[16000] dataset_size 8000.0 / train_return 130.6 / train_length 500.0 / train_episodes 16.0
[16000] dataset_size 8000.0 / train_return 116.1 / train_length 500.0 / train_episodes 16.0
[16000] dataset_size 8000.0 / train_return 135.0 / train_length 500.0 / train_episodes 16.0
[20000] dataset_size 10000.0 / train_return 154.2 / train_length 500.0 / train_episodes 20.0
[20000] dataset_size 10000.0 / train_return 166.3 / train_length 500.0 / train_episodes 20.0
[20000] dataset_size 10000.0 / train_return 169.4 / train_length 500.0 / train_episodes 20.0
[20000] dataset_size 10000.0 / train_return 187.2 / train_length 500.0 / train_episodes 20.0
[24000] dataset_size 12000.0 / train_return 178.7 / train_length 500.0 / train_episodes 24.0
[24000] dataset_size 12000.0 / train_return 176.9 / train_length 500.0 / train_episodes 24.0
[24000] dataset_size 12000.0 / train_return 177.7 / train_length 500.0 / train_episodes 24.0
[24000] dataset_size 12000.0 / train_return 180.6 / train_length 500.0 / train_episodes 24.0
[25000] 
Start evaluation.
[25000] eval_return 186.4 / eval_length 500.0 / eval_episodes 10.0
Start training.
[25000] model_loss 35.0 / model_grad_norm 46.0 / image_loss 27.2 / reward_loss 0.6 / cont_loss 0.0 / kl_free 1.0 / dyn_scale 0.5 / rep_scale 0.1 / dyn_loss 11.9 / rep_loss 11.9 / kl 11.9 / prior_ent 37.7 / post_ent 24.4 / normed_target_mean 0.8 / normed_target_std 0.3 / normed_target_min -0.8 / normed_target_max 2.4 / EMA_005 22.3 / EMA_095 25.5 / value_mean 23.3 / value_std 0.5 / value_min 15.4 / value_max 23.8 / target_mean 24.8 / target_std 1.1 / target_min 19.8 / target_max 29.9 / imag_reward_mean 0.3 / imag_reward_std 0.2 / imag_reward_min 0.0 / imag_reward_max 1.5 / imag_action_mean 0.4 / imag_action_std 0.8 / imag_action_min -1.0 / imag_action_max 1.0 / actor_entropy -4.1 / actor_loss -0.4 / actor_grad_norm 0.4 / value_loss 1.5 / value_grad_norm 0.6 / update_count 5099.0 / fps 2.9
[28000] dataset_size 14000.0 / train_return 182.6 / train_length 500.0 / train_episodes 28.0
[28000] dataset_size 14000.0 / train_return 185.7 / train_length 500.0 / train_episodes 28.0
[28000] dataset_size 14000.0 / train_return 188.6 / train_length 500.0 / train_episodes 28.0
[28000] dataset_size 14000.0 / train_return 184.0 / train_length 500.0 / train_episodes 28.0
[32000] dataset_size 16000.0 / train_return 205.0 / train_length 500.0 / train_episodes 32.0
[32000] dataset_size 16000.0 / train_return 200.8 / train_length 500.0 / train_episodes 32.0
[32000] dataset_size 16000.0 / train_return 193.1 / train_length 500.0 / train_episodes 32.0
[32000] dataset_size 16000.0 / train_return 219.8 / train_length 500.0 / train_episodes 32.0
[35000] 
Start evaluation.
[35000] eval_return 221.3 / eval_length 500.0 / eval_episodes 10.0
Start training.
[35000] model_loss 27.1 / model_grad_norm 42.7 / image_loss 19.4 / reward_loss 0.6 / cont_loss 0.0 / kl_free 1.0 / dyn_scale 0.5 / rep_scale 0.1 / dyn_loss 11.7 / rep_loss 11.7 / kl 11.7 / prior_ent 37.6 / post_ent 24.9 / normed_target_mean 0.9 / normed_target_std 0.3 / normed_target_min -1.4 / normed_target_max 2.3 / EMA_005 50.7 / EMA_095 54.8 / value_mean 52.8 / value_std 1.3 / value_min 32.2 / value_max 54.0 / target_mean 54.3 / target_std 1.4 / target_min 44.9 / target_max 60.1 / imag_reward_mean 0.3 / imag_reward_std 0.2 / imag_reward_min 0.0 / imag_reward_max 1.7 / imag_action_mean 0.4 / imag_action_std 0.8 / imag_action_min -1.0 / imag_action_max 1.0 / actor_entropy -4.2 / actor_loss -0.3 / actor_grad_norm 0.4 / value_loss 1.1 / value_grad_norm 0.2 / update_count 7599.0 / fps 2.9
[36000] dataset_size 18000.0 / train_return 240.3 / train_length 500.0 / train_episodes 36.0
[36000] dataset_size 18000.0 / train_return 228.2 / train_length 500.0 / train_episodes 36.0
[36000] dataset_size 18000.0 / train_return 233.3 / train_length 500.0 / train_episodes 36.0
[36000] dataset_size 18000.0 / train_return 230.2 / train_length 500.0 / train_episodes 36.0
[40000] dataset_size 20000.0 / train_return 227.6 / train_length 500.0 / train_episodes 40.0
[40000] dataset_size 20000.0 / train_return 221.4 / train_length 500.0 / train_episodes 40.0
[40000] dataset_size 20000.0 / train_return 227.4 / train_length 500.0 / train_episodes 40.0
[40000] dataset_size 20000.0 / train_return 219.8 / train_length 500.0 / train_episodes 40.0
[44000] dataset_size 22000.0 / train_return 226.5 / train_length 500.0 / train_episodes 44.0
[44000] dataset_size 22000.0 / train_return 232.4 / train_length 500.0 / train_episodes 44.0
[44000] dataset_size 22000.0 / train_return 227.1 / train_length 500.0 / train_episodes 44.0
[44000] dataset_size 22000.0 / train_return 227.7 / train_length 500.0 / train_episodes 44.0
[45000] 
Start evaluation.
[45000] eval_return 252.9 / eval_length 500.0 / eval_episodes 10.0
Start training.
[45000] model_loss 23.7 / model_grad_norm 41.0 / image_loss 16.1 / reward_loss 0.6 / cont_loss 0.0 / kl_free 1.0 / dyn_scale 0.5 / rep_scale 0.1 / dyn_loss 11.5 / rep_loss 11.5 / kl 11.5 / prior_ent 38.3 / post_ent 26.0 / normed_target_mean 0.9 / normed_target_std 0.3 / normed_target_min -1.7 / normed_target_max 2.4 / EMA_005 83.4 / EMA_095 88.1 / value_mean 86.4 / value_std 1.7 / value_min 56.2 / value_max 88.2 / target_mean 87.7 / target_std 1.6 / target_min 75.4 / target_max 94.7 / imag_reward_mean 0.4 / imag_reward_std 0.2 / imag_reward_min 0.0 / imag_reward_max 1.9 / imag_action_mean 0.3 / imag_action_std 0.8 / imag_action_min -1.0 / imag_action_max 1.0 / actor_entropy -4.4 / actor_loss -0.3 / actor_grad_norm 0.4 / value_loss 1.0 / value_grad_norm 0.1 / update_count 10099.0 / fps 3.0
[48000] dataset_size 24000.0 / train_return 250.1 / train_length 500.0 / train_episodes 48.0
[48000] dataset_size 24000.0 / train_return 250.6 / train_length 500.0 / train_episodes 48.0
[48000] dataset_size 24000.0 / train_return 244.3 / train_length 500.0 / train_episodes 48.0
[48000] dataset_size 24000.0 / train_return 247.5 / train_length 500.0 / train_episodes 48.0
[52000] dataset_size 26000.0 / train_return 242.6 / train_length 500.0 / train_episodes 52.0
[52000] dataset_size 26000.0 / train_return 237.4 / train_length 500.0 / train_episodes 52.0
[52000] dataset_size 26000.0 / train_return 233.5 / train_length 500.0 / train_episodes 52.0
[52000] dataset_size 26000.0 / train_return 241.2 / train_length 500.0 / train_episodes 52.0
[55000] 
Start evaluation.
[55000] eval_return 255.2 / eval_length 500.0 / eval_episodes 10.0
Start training.
[55000] model_loss 20.9 / model_grad_norm 38.4 / image_loss 13.7 / reward_loss 0.6 / cont_loss 0.0 / kl_free 1.0 / dyn_scale 0.5 / rep_scale 0.1 / dyn_loss 11.1 / rep_loss 11.1 / kl 11.1 / prior_ent 39.0 / post_ent 27.3 / normed_target_mean 0.9 / normed_target_std 0.3 / normed_target_min -1.1 / normed_target_max 2.7 / EMA_005 115.0 / EMA_095 119.3 / value_mean 118.0 / value_std 1.3 / value_min 94.1 / value_max 120.4 / target_mean 118.9 / target_std 1.4 / target_min 110.3 / target_max 126.6 / imag_reward_mean 0.4 / imag_reward_std 0.2 / imag_reward_min 0.0 / imag_reward_max 1.9 / imag_action_mean 0.3 / imag_action_std 0.8 / imag_action_min -1.0 / imag_action_max 1.0 / actor_entropy -4.5 / actor_loss -0.2 / actor_grad_norm 0.3 / value_loss 0.9 / value_grad_norm 0.1 / update_count 12599.0 / fps 2.9
[56000] dataset_size 28000.0 / train_return 239.5 / train_length 500.0 / train_episodes 56.0
[56000] dataset_size 28000.0 / train_return 237.9 / train_length 500.0 / train_episodes 56.0
[56000] dataset_size 28000.0 / train_return 240.2 / train_length 500.0 / train_episodes 56.0
[56000] dataset_size 28000.0 / train_return 249.1 / train_length 500.0 / train_episodes 56.0
[60000] dataset_size 30000.0 / train_return 235.9 / train_length 500.0 / train_episodes 60.0
[60000] dataset_size 30000.0 / train_return 237.3 / train_length 500.0 / train_episodes 60.0
[60000] dataset_size 30000.0 / train_return 237.0 / train_length 500.0 / train_episodes 60.0
[60000] dataset_size 30000.0 / train_return 241.5 / train_length 500.0 / train_episodes 60.0
[64000] dataset_size 32000.0 / train_return 242.5 / train_length 500.0 / train_episodes 64.0
[64000] dataset_size 32000.0 / train_return 271.0 / train_length 500.0 / train_episodes 64.0
[64000] dataset_size 32000.0 / train_return 239.5 / train_length 500.0 / train_episodes 64.0
[64000] dataset_size 32000.0 / train_return 233.2 / train_length 500.0 / train_episodes 64.0
[65000] 
Start evaluation.
[65000] eval_return 244.0 / eval_length 500.0 / eval_episodes 10.0
Start training.
[65000] model_loss 19.3 / model_grad_norm 36.9 / image_loss 12.2 / reward_loss 0.6 / cont_loss 0.0 / kl_free 1.0 / dyn_scale 0.5 / rep_scale 0.1 / dyn_loss 10.8 / rep_loss 10.8 / kl 10.8 / prior_ent 39.9 / post_ent 28.7 / normed_target_mean 0.6 / normed_target_std 0.3 / normed_target_min -0.7 / normed_target_max 2.5 / EMA_005 138.5 / EMA_095 144.2 / value_mean 141.3 / value_std 1.5 / value_min 129.6 / value_max 147.0 / target_mean 141.9 / target_std 1.8 / target_min 134.5 / target_max 152.3 / imag_reward_mean 0.4 / imag_reward_std 0.2 / imag_reward_min 0.0 / imag_reward_max 1.9 / imag_action_mean 0.3 / imag_action_std 0.8 / imag_action_min -1.0 / imag_action_max 1.0 / actor_entropy -4.3 / actor_loss -0.1 / actor_grad_norm 0.3 / value_loss 1.1 / value_grad_norm 0.1 / update_count 15099.0 / fps 2.9
[68000] dataset_size 34000.0 / train_return 252.6 / train_length 500.0 / train_episodes 68.0
[68000] dataset_size 34000.0 / train_return 251.7 / train_length 500.0 / train_episodes 68.0
[68000] dataset_size 34000.0 / train_return 249.0 / train_length 500.0 / train_episodes 68.0
[68000] dataset_size 34000.0 / train_return 250.0 / train_length 500.0 / train_episodes 68.0
[72000] dataset_size 36000.0 / train_return 281.0 / train_length 500.0 / train_episodes 72.0
[72000] dataset_size 36000.0 / train_return 247.0 / train_length 500.0 / train_episodes 72.0
[72000] dataset_size 36000.0 / train_return 244.6 / train_length 500.0 / train_episodes 72.0
[72000] dataset_size 36000.0 / train_return 250.9 / train_length 500.0 / train_episodes 72.0
[75000] 
Start evaluation.
[75000] eval_return 246.7 / eval_length 500.0 / eval_episodes 10.0
Start training.
[75000] model_loss 18.2 / model_grad_norm 35.9 / image_loss 11.3 / reward_loss 0.6 / cont_loss 0.0 / kl_free 1.0 / dyn_scale 0.5 / rep_scale 0.1 / dyn_loss 10.5 / rep_loss 10.5 / kl 10.5 / prior_ent 40.8 / post_ent 29.9 / normed_target_mean 0.5 / normed_target_std 0.3 / normed_target_min -0.6 / normed_target_max 2.2 / EMA_005 153.3 / EMA_095 163.8 / value_mean 156.9 / value_std 3.0 / value_min 147.3 / value_max 167.8 / target_mean 157.3 / target_std 3.4 / target_min 148.4 / target_max 173.2 / imag_reward_mean 0.4 / imag_reward_std 0.2 / imag_reward_min 0.0 / imag_reward_max 1.9 / imag_action_mean 0.3 / imag_action_std 0.8 / imag_action_min -1.0 / imag_action_max 1.0 / actor_entropy -3.4 / actor_loss -0.1 / actor_grad_norm 0.2 / value_loss 0.7 / value_grad_norm 0.1 / update_count 17599.0 / fps 2.9
[76000] dataset_size 38000.0 / train_return 251.9 / train_length 500.0 / train_episodes 76.0
[76000] dataset_size 38000.0 / train_return 246.8 / train_length 500.0 / train_episodes 76.0
[76000] dataset_size 38000.0 / train_return 239.9 / train_length 500.0 / train_episodes 76.0
[76000] dataset_size 38000.0 / train_return 208.9 / train_length 500.0 / train_episodes 76.0
[80000] dataset_size 40000.0 / train_return 244.0 / train_length 500.0 / train_episodes 80.0
[80000] dataset_size 40000.0 / train_return 234.7 / train_length 500.0 / train_episodes 80.0
[80000] dataset_size 40000.0 / train_return 244.1 / train_length 500.0 / train_episodes 80.0
[80000] dataset_size 40000.0 / train_return 252.3 / train_length 500.0 / train_episodes 80.0
[84000] dataset_size 42000.0 / train_return 330.6 / train_length 500.0 / train_episodes 84.0
[84000] dataset_size 42000.0 / train_return 254.9 / train_length 500.0 / train_episodes 84.0
[84000] dataset_size 42000.0 / train_return 280.6 / train_length 500.0 / train_episodes 84.0
[84000] dataset_size 42000.0 / train_return 229.4 / train_length 500.0 / train_episodes 84.0
[85000] 
Start evaluation.
[85000] eval_return 266.2 / eval_length 500.0 / eval_episodes 10.0
Start training.
[85000] model_loss 17.6 / model_grad_norm 35.4 / image_loss 10.7 / reward_loss 0.6 / cont_loss 0.0 / kl_free 1.0 / dyn_scale 0.5 / rep_scale 0.1 / dyn_loss 10.5 / rep_loss 10.5 / kl 10.5 / prior_ent 41.8 / post_ent 31.0 / normed_target_mean 0.3 / normed_target_std 0.3 / normed_target_min -0.3 / normed_target_max 1.6 / EMA_005 162.6 / EMA_095 178.9 / value_mean 166.5 / value_std 4.9 / value_min 156.9 / value_max 183.1 / target_mean 166.8 / target_std 5.4 / target_min 157.8 / target_max 188.3 / imag_reward_mean 0.5 / imag_reward_std 0.2 / imag_reward_min 0.0 / imag_reward_max 1.9 / imag_action_mean 0.3 / imag_action_std 0.8 / imag_action_min -1.0 / imag_action_max 1.0 / actor_entropy -2.8 / actor_loss -0.0 / actor_grad_norm 0.2 / value_loss 1.2 / value_grad_norm 0.1 / update_count 20099.0 / fps 3.0
[88000] dataset_size 44000.0 / train_return 253.4 / train_length 500.0 / train_episodes 88.0
[88000] dataset_size 44000.0 / train_return 251.9 / train_length 500.0 / train_episodes 88.0
[88000] dataset_size 44000.0 / train_return 240.5 / train_length 500.0 / train_episodes 88.0
[88000] dataset_size 44000.0 / train_return 253.0 / train_length 500.0 / train_episodes 88.0
[92000] dataset_size 46000.0 / train_return 364.5 / train_length 500.0 / train_episodes 92.0
[92000] dataset_size 46000.0 / train_return 152.0 / train_length 500.0 / train_episodes 92.0
[92000] dataset_size 46000.0 / train_return 225.0 / train_length 500.0 / train_episodes 92.0
[92000] dataset_size 46000.0 / train_return 204.3 / train_length 500.0 / train_episodes 92.0
[95000] 
Start evaluation.
[95000] eval_return 167.3 / eval_length 500.0 / eval_episodes 10.0
Start training.
[95000] model_loss 18.2 / model_grad_norm 35.0 / image_loss 11.1 / reward_loss 0.6 / cont_loss 0.0 / kl_free 1.0 / dyn_scale 0.5 / rep_scale 0.1 / dyn_loss 10.7 / rep_loss 10.7 / kl 10.7 / prior_ent 42.5 / post_ent 31.6 / normed_target_mean 0.4 / normed_target_std 0.3 / normed_target_min -0.3 / normed_target_max 1.4 / EMA_005 179.8 / EMA_095 203.1 / value_mean 188.8 / value_std 6.8 / value_min 171.5 / value_max 206.2 / target_mean 189.6 / target_std 7.4 / target_min 173.3 / target_max 211.9 / imag_reward_mean 0.4 / imag_reward_std 0.3 / imag_reward_min 0.0 / imag_reward_max 2.0 / imag_action_mean 0.1 / imag_action_std 0.8 / imag_action_min -1.0 / imag_action_max 1.0 / actor_entropy -3.5 / actor_loss -0.0 / actor_grad_norm 0.4 / value_loss 1.1 / value_grad_norm 0.2 / update_count 22599.0 / fps 2.9
[96000] dataset_size 48000.0 / train_return 100.3 / train_length 500.0 / train_episodes 96.0
[96000] dataset_size 48000.0 / train_return 103.2 / train_length 500.0 / train_episodes 96.0
[96000] dataset_size 48000.0 / train_return 252.5 / train_length 500.0 / train_episodes 96.0
[96000] dataset_size 48000.0 / train_return 177.7 / train_length 500.0 / train_episodes 96.0
[100000] dataset_size 50000.0 / train_return 285.8 / train_length 500.0 / train_episodes 100.0
[100000] dataset_size 50000.0 / train_return 239.7 / train_length 500.0 / train_episodes 100.0
[100000] dataset_size 50000.0 / train_return 369.4 / train_length 500.0 / train_episodes 100.0
[100000] dataset_size 50000.0 / train_return 235.2 / train_length 500.0 / train_episodes 100.0
[104000] dataset_size 52000.0 / train_return 308.8 / train_length 500.0 / train_episodes 104.0
[104000] dataset_size 52000.0 / train_return 358.2 / train_length 500.0 / train_episodes 104.0
[104000] dataset_size 52000.0 / train_return 264.3 / train_length 500.0 / train_episodes 104.0
[104000] dataset_size 52000.0 / train_return 89.9 / train_length 500.0 / train_episodes 104.0
[105000] 
Start evaluation.
[105000] eval_return 197.8 / eval_length 500.0 / eval_episodes 10.0
Start training.
[105000] model_loss 19.8 / model_grad_norm 34.6 / image_loss 12.3 / reward_loss 0.6 / cont_loss 0.0 / kl_free 1.0 / dyn_scale 0.5 / rep_scale 0.1 / dyn_loss 11.5 / rep_loss 11.5 / kl 11.5 / prior_ent 43.3 / post_ent 31.7 / normed_target_mean 0.5 / normed_target_std 0.3 / normed_target_min -0.5 / normed_target_max 1.4 / EMA_005 195.4 / EMA_095 219.4 / value_mean 205.8 / value_std 6.6 / value_min 178.6 / value_max 225.2 / target_mean 206.5 / target_std 7.3 / target_min 182.5 / target_max 229.0 / imag_reward_mean 0.3 / imag_reward_std 0.3 / imag_reward_min 0.0 / imag_reward_max 2.0 / imag_action_mean 0.2 / imag_action_std 0.8 / imag_action_min -1.0 / imag_action_max 1.0 / actor_entropy -4.2 / actor_loss -0.0 / actor_grad_norm 0.3 / value_loss 1.0 / value_grad_norm 0.2 / update_count 25099.0 / fps 2.9
[108000] dataset_size 54000.0 / train_return 136.9 / train_length 500.0 / train_episodes 108.0
[108000] dataset_size 54000.0 / train_return 404.8 / train_length 500.0 / train_episodes 108.0
[108000] dataset_size 54000.0 / train_return 312.5 / train_length 500.0 / train_episodes 108.0
[108000] dataset_size 54000.0 / train_return 475.7 / train_length 500.0 / train_episodes 108.0
[112000] dataset_size 56000.0 / train_return 299.4 / train_length 500.0 / train_episodes 112.0
[112000] dataset_size 56000.0 / train_return 460.7 / train_length 500.0 / train_episodes 112.0
[112000] dataset_size 56000.0 / train_return 465.3 / train_length 500.0 / train_episodes 112.0
[112000] dataset_size 56000.0 / train_return 186.7 / train_length 500.0 / train_episodes 112.0
[115000] 
Start evaluation.
[115000] eval_return 387.3 / eval_length 500.0 / eval_episodes 10.0
Start training.
[115000] model_loss 21.1 / model_grad_norm 35.4 / image_loss 13.2 / reward_loss 0.6 / cont_loss 0.0 / kl_free 1.0 / dyn_scale 0.5 / rep_scale 0.1 / dyn_loss 12.1 / rep_loss 12.1 / kl 12.1 / prior_ent 43.9 / post_ent 31.6 / normed_target_mean 0.6 / normed_target_std 0.3 / normed_target_min -0.5 / normed_target_max 1.3 / EMA_005 215.3 / EMA_095 246.5 / value_mean 233.0 / value_std 8.3 / value_min 197.7 / value_max 248.6 / target_mean 233.9 / target_std 9.1 / target_min 199.6 / target_max 255.0 / imag_reward_mean 0.3 / imag_reward_std 0.4 / imag_reward_min 0.0 / imag_reward_max 2.0 / imag_action_mean -0.0 / imag_action_std 0.9 / imag_action_min -1.0 / imag_action_max 1.0 / actor_entropy -4.8 / actor_loss -0.0 / actor_grad_norm 0.3 / value_loss 1.0 / value_grad_norm 0.3 / update_count 27599.0 / fps 2.9
[116000] dataset_size 58000.0 / train_return 385.2 / train_length 500.0 / train_episodes 116.0
[116000] dataset_size 58000.0 / train_return 197.7 / train_length 500.0 / train_episodes 116.0
[116000] dataset_size 58000.0 / train_return 443.7 / train_length 500.0 / train_episodes 116.0
[116000] dataset_size 58000.0 / train_return 479.2 / train_length 500.0 / train_episodes 116.0
